#
# A fatal error has been detected by the Java Runtime Environment:
#
#  EXCEPTION_ACCESS_VIOLATION (0xc0000005) at pc=0x61206564, pid=2692, tid=0x00001700
#
# JRE version: Java(TM) SE Runtime Environment (8.0_171-b11) (build 1.8.0_171-b11)
# Java VM: Java HotSpot(TM) Client VM (25.171-b11 mixed mode, sharing windows-x86 )
# Problematic frame:
# C  0x61206564
#
# Failed to write core dump. Minidumps are not enabled by default on client versions of Windows
#
# If you would like to submit a bug report, please visit:
#   http://bugreport.java.com/bugreport/crash.jsp
# The crash happened outside the Java Virtual Machine in native code.
# See problematic frame for where to report the bug.
#

---------------  T H R E A D  ---------------

Current thread (0x192ba800):  JavaThread "Thread-3" [_thread_in_native, id=5888, stack(0x16ed0000,0x16f20000)]

siginfo: ExceptionCode=0xc0000005, ExceptionInformation=0x00000008 0x61206564

Registers:
EAX=0x71657220, EBX=0x6f1e7620, ECX=0x77649ac0, EDX=0x71657220
ESP=0x16f1f1d0, EBP=0x206fe3e7, ESI=0x14dad650, EDI=0x192ba800
EIP=0x61206564, EFLAGS=0x00010212

Top of Stack: (sp=0x16f1f1d0)
0x16f1f1d0:   63696c70 76697461 0a0d2e6f 16e4000a
0x16f1f1e0:   00b99ab8 16f1f338 00000000 16f1f218
0x16f1f1f0:   776406c4 abababab 77a3a2dc 776406e8
0x16f1f200:   00000bfc 00000bfc 776406fd 16f1f230
0x16f1f210:   77a3a22c 376e0408 16f1f238 776dbbaa
0x16f1f220:   00000bfc 14dad650 192ba800 6f1e7620
0x16f1f230:   00000000 00000004 16f1f4b8 16e45169
0x16f1f240:   00000728 16f1f4b4 02970697 04db58b8 

Instructions: (pc=0x61206564)
0x61206544:   
[error occurred during error reporting (printing registers, top of stack, instructions near pc), id 0xc0000005]

Register to memory mapping:

EAX=0x71657220 is an unknown value
EBX=0x6f1e7620 is an unknown value
ECX=0x77649ac0 is an unknown value
EDX=0x71657220 is an unknown value
ESP=0x16f1f1d0 is pointing into the stack for thread: 0x192ba800
EBP=0x206fe3e7 is an unknown value
ESI={method} {0x14dad654} 'eventLoop' '()V' in 'gnu/io/RXTXPort'
EDI=0x192ba800 is a thread


Stack: [0x16ed0000,0x16f20000],  sp=0x16f1f1d0,  free space=316k
Native frames: (J=compiled Java code, j=interpreted, Vv=VM code, C=native code)
C  0x61206564

Java frames: (J=compiled Java code, j=interpreted, Vv=VM code)
j  gnu.io.RXTXPort.eventLoop()V+0
j  gnu.io.RXTXPort$MonitorThread.run()V+12
v  ~StubRoutines::call_stub

---------------  P R O C E S S  ---------------

Java Threads: ( => current thread )
=>0x192ba800 JavaThread "Thread-3" [_thread_in_native, id=5888, stack(0x16ed0000,0x16f20000)]
  0x19299000 JavaThread "Thread-2" [_thread_blocked, id=1028, stack(0x16df0000,0x16e40000)]
  0x15824000 JavaThread "Abandoned connection cleanup thread" daemon [_thread_blocked, id=6732, stack(0x15e50000,0x15ea0000)]
  0x159d4400 JavaThread "TimerQueue" daemon [_thread_blocked, id=9444, stack(0x16d10000,0x16d60000)]
  0x0136e400 JavaThread "DestroyJavaVM" [_thread_blocked, id=19128, stack(0x01250000,0x012a0000)]
  0x15820000 JavaThread "AWT-EventQueue-0" [_thread_in_Java, id=15424, stack(0x15e00000,0x15e50000)]
  0x15801000 JavaThread "AWT-Windows" daemon [_thread_in_native, id=6460, stack(0x15c60000,0x15cb0000)]
  0x15800400 JavaThread "AWT-Shutdown" [_thread_blocked, id=10712, stack(0x15bd0000,0x15c20000)]
  0x157ff800 JavaThread "Java2D Disposer" daemon [_thread_blocked, id=13776, stack(0x15b40000,0x15b90000)]
  0x0287b800 JavaThread "Service Thread" daemon [_thread_blocked, id=14112, stack(0x15310000,0x15360000)]
  0x02853400 JavaThread "C1 CompilerThread0" daemon [_thread_blocked, id=3588, stack(0x15280000,0x152d0000)]
  0x02852400 JavaThread "Attach Listener" daemon [_thread_blocked, id=19676, stack(0x151f0000,0x15240000)]
  0x02848800 JavaThread "Signal Dispatcher" daemon [_thread_blocked, id=18188, stack(0x15160000,0x151b0000)]
  0x02847400 JavaThread "Finalizer" daemon [_thread_blocked, id=10108, stack(0x14fc0000,0x15010000)]
  0x027e9400 JavaThread "Reference Handler" daemon [_thread_blocked, id=21412, stack(0x14f30000,0x14f80000)]

Other Threads:
  0x027e6000 VMThread [stack: 0x14ea0000,0x14ef0000] [id=2220]
  0x02892400 WatcherThread [stack: 0x154b0000,0x15500000] [id=20196]

VM state:not at safepoint (normal execution)

VM Mutex/Monitor currently owned by a thread: None

Heap:
 def new generation   total 12800K, used 8937K [0x04a00000, 0x057e0000, 0x09f50000)
  eden space 11392K,  78% used [0x04a00000, 0x052ba408, 0x05520000)
  from space 1408K,   0% used [0x05680000, 0x056803d0, 0x057e0000)
  to   space 1408K,   0% used [0x05520000, 0x05520000, 0x05680000)
 tenured generation   total 28332K, used 24611K [0x09f50000, 0x0bafb000, 0x14a00000)
   the space 28332K,  86% used [0x09f50000, 0x0b758da8, 0x0b758e00, 0x0bafb000)
 Metaspace       used 4580K, capacity 4804K, committed 4864K, reserved 5504K

Card table byte_map: [0x028c0000,0x02950000] byte_map_base: 0x0289b000

Polling page: 0x00ab0000

CodeCache: size=32768Kb used=3518Kb max_used=3518Kb free=29250Kb
 bounds [0x02970000, 0x02ce8000, 0x04970000]
 total_blobs=2231 nmethods=1961 adapters=200
 compilation: enabled

Compilation events (10 events):
Event: 453.472 Thread 0x02853400 2001             java.io.InputStreamReader::read (11 bytes)
Event: 453.472 Thread 0x02853400 nmethod 2001 0x02cdde08 code [0x02cddf10, 0x02cddfbc]
Event: 494.971 Thread 0x02853400 2002             java.util.Formatter::parse (151 bytes)
Event: 494.973 Thread 0x02853400 nmethod 2002 0x02cde048 code [0x02cde290, 0x02cdec78]
Event: 544.030 Thread 0x02853400 2003             java.lang.Long::stringSize (38 bytes)
Event: 544.030 Thread 0x02853400 nmethod 2003 0x02cdf888 code [0x02cdf980, 0x02cdfa70]
Event: 547.033 Thread 0x02853400 2004             java.lang.Long::getChars (221 bytes)
Event: 547.034 Thread 0x02853400 nmethod 2004 0x02cdfac8 code [0x02cdfc10, 0x02cdffb0]
Event: 698.206 Thread 0x02853400 2005             java.util.Formatter::checkText (58 bytes)
Event: 698.206 Thread 0x02853400 nmethod 2005 0x02ce05c8 code [0x02ce0710, 0x02ce0a74]

GC Heap History (10 events):
Event: 1040.098 GC heap before
{Heap before GC invocations=3323 (full 2):
 def new generation   total 12800K, used 11392K [0x04a00000, 0x057e0000, 0x09f50000)
  eden space 11392K, 100% used [0x04a00000, 0x05520000, 0x05520000)
  from space 1408K,   0% used [0x05520000, 0x05520388, 0x05680000)
  to   space 1408K,   0% used [0x05680000, 0x05680000, 0x057e0000)
 tenured generation   total 28332K, used 24611K [0x09f50000, 0x0bafb000, 0x14a00000)
   the space 28332K,  86% used [0x09f50000, 0x0b758da8, 0x0b758e00, 0x0bafb000)
 Metaspace       used 4580K, capacity 4804K, committed 4864K, reserved 5504K
Event: 1040.099 GC heap after
Heap after GC invocations=3324 (full 2):
 def new generation   total 12800K, used 0K [0x04a00000, 0x057e0000, 0x09f50000)
  eden space 11392K,   0% used [0x04a00000, 0x04a00000, 0x05520000)
  from space 1408K,   0% used [0x05680000, 0x056803f0, 0x057e0000)
  to   space 1408K,   0% used [0x05520000, 0x05520000, 0x05680000)
 tenured generation   total 28332K, used 24611K [0x09f50000, 0x0bafb000, 0x14a00000)
   the space 28332K,  86% used [0x09f50000, 0x0b758da8, 0x0b758e00, 0x0bafb000)
 Metaspace       used 4580K, capacity 4804K, committed 4864K, reserved 5504K
}
Event: 1040.491 GC heap before
{Heap before GC invocations=3324 (full 2):
 def new generation   total 12800K, used 11392K [0x04a00000, 0x057e0000, 0x09f50000)
  eden space 11392K, 100% used [0x04a00000, 0x05520000, 0x05520000)
  from space 1408K,   0% used [0x05680000, 0x056803f0, 0x057e0000)
  to   space 1408K,   0% used [0x05520000, 0x05520000, 0x05680000)
 tenured generation   total 28332K, used 24611K [0x09f50000, 0x0bafb000, 0x14a00000)
   the space 28332K,  86% used [0x09f50000, 0x0b758da8, 0x0b758e00, 0x0bafb000)
 Metaspace       used 4580K, capacity 4804K, committed 4864K, reserved 5504K
Event: 1040.492 GC heap after
Heap after GC invocations=3325 (full 2):
 def new generation   total 12800K, used 0K [0x04a00000, 0x057e0000, 0x09f50000)
  eden space 11392K,   0% used [0x04a00000, 0x04a00000, 0x05520000)
  from space 1408K,   0% used [0x05520000, 0x055203c0, 0x05680000)
  to   space 1408K,   0% used [0x05680000, 0x05680000, 0x057e0000)
 tenured generation   total 28332K, used 24611K [0x09f50000, 0x0bafb000, 0x14a00000)
   the space 28332K,  86% used [0x09f50000, 0x0b758da8, 0x0b758e00, 0x0bafb000)
 Metaspace       used 4580K, capacity 4804K, committed 4864K, reserved 5504K
}
Event: 1040.929 GC heap before
{Heap before GC invocations=3325 (full 2):
 def new generation   total 12800K, used 11392K [0x04a00000, 0x057e0000, 0x09f50000)
  eden space 11392K, 100% used [0x04a00000, 0x05520000, 0x05520000)
  from space 1408K,   0% used [0x05520000, 0x055203c0, 0x05680000)
  to   space 1408K,   0% used [0x05680000, 0x05680000, 0x057e0000)
 tenured generation   total 28332K, used 24611K [0x09f50000, 0x0bafb000, 0x14a00000)
   the space 28332K,  86% used [0x09f50000, 0x0b758da8, 0x0b758e00, 0x0bafb000)
 Metaspace       used 4580K, capacity 4804K, committed 4864K, reserved 5504K
Event: 1040.930 GC heap after
Heap after GC invocations=3326 (full 2):
 def new generation   total 12800K, used 0K [0x04a00000, 0x057e0000, 0x09f50000)
  eden space 11392K,   0% used [0x04a00000, 0x04a00000, 0x05520000)
  from space 1408K,   0% used [0x05680000, 0x05680398, 0x057e0000)
  to   space 1408K,   0% used [0x05520000, 0x05520000, 0x05680000)
 tenured generation   total 28332K, used 24611K [0x09f50000, 0x0bafb000, 0x14a00000)
   the space 28332K,  86% used [0x09f50000, 0x0b758da8, 0x0b758e00, 0x0bafb000)
 Metaspace       used 4580K, capacity 4804K, committed 4864K, reserved 5504K
}
Event: 1041.350 GC heap before
{Heap before GC invocations=3326 (full 2):
 def new generation   total 12800K, used 11392K [0x04a00000, 0x057e0000, 0x09f50000)
  eden space 11392K, 100% used [0x04a00000, 0x05520000, 0x05520000)
  from space 1408K,   0% used [0x05680000, 0x05680398, 0x057e0000)
  to   space 1408K,   0% used [0x05520000, 0x05520000, 0x05680000)
 tenured generation   total 28332K, used 24611K [0x09f50000, 0x0bafb000, 0x14a00000)
   the space 28332K,  86% used [0x09f50000, 0x0b758da8, 0x0b758e00, 0x0bafb000)
 Metaspace       used 4580K, capacity 4804K, committed 4864K, reserved 5504K
Event: 1041.351 GC heap after
Heap after GC invocations=3327 (full 2):
 def new generation   total 12800K, used 0K [0x04a00000, 0x057e0000, 0x09f50000)
  eden space 11392K,   0% used [0x04a00000, 0x04a00000, 0x05520000)
  from space 1408K,   0% used [0x05520000, 0x05520398, 0x05680000)
  to   space 1408K,   0% used [0x05680000, 0x05680000, 0x057e0000)
 tenured generation   total 28332K, used 24611K [0x09f50000, 0x0bafb000, 0x14a00000)
   the space 28332K,  86% used [0x09f50000, 0x0b758da8, 0x0b758e00, 0x0bafb000)
 Metaspace       used 4580K, capacity 4804K, committed 4864K, reserved 5504K
}
Event: 1041.784 GC heap before
{Heap before GC invocations=3327 (full 2):
 def new generation   total 12800K, used 11392K [0x04a00000, 0x057e0000, 0x09f50000)
  eden space 11392K, 100% used [0x04a00000, 0x05520000, 0x05520000)
  from space 1408K,   0% used [0x05520000, 0x05520398, 0x05680000)
  to   space 1408K,   0% used [0x05680000, 0x05680000, 0x057e0000)
 tenured generation   total 28332K, used 24611K [0x09f50000, 0x0bafb000, 0x14a00000)
   the space 28332K,  86% used [0x09f50000, 0x0b758da8, 0x0b758e00, 0x0bafb000)
 Metaspace       used 4580K, capacity 4804K, committed 4864K, reserved 5504K
Event: 1041.785 GC heap after
Heap after GC invocations=3328 (full 2):
 def new generation   total 12800K, used 2K [0x04a00000, 0x057e0000, 0x09f50000)
  eden space 11392K,   0% used [0x04a00000, 0x04a00000, 0x05520000)
  from space 1408K,   0% used [0x05680000, 0x05680ba8, 0x057e0000)
  to   space 1408K,   0% used [0x05520000, 0x05520000, 0x05680000)
 tenured generation   total 28332K, used 24611K [0x09f50000, 0x0bafb000, 0x14a00000)
   the space 28332K,  86% used [0x09f50000, 0x0b758da8, 0x0b758e00, 0x0bafb000)
 Metaspace       used 4580K, capacity 4804K, committed 4864K, reserved 5504K
}

Deoptimization events (0 events):
No events

Classes redefined (0 events):
No events

Internal exceptions (10 events):
Event: 0.245 Thread 0x0136e400 Exception <a 'java/lang/ClassNotFoundException': ToolTip> (0x04a3ead0) thrown at [C:\re\workspace\8-2-build-windows-i586-cygwin\jdk8u171\10807\hotspot\src\share\vm\classfile\systemDictionary.cpp, line 210]
Event: 0.245 Thread 0x0136e400 Exception <a 'java/lang/ClassNotFoundException': Tree> (0x04a3f5b8) thrown at [C:\re\workspace\8-2-build-windows-i586-cygwin\jdk8u171\10807\hotspot\src\share\vm\classfile\systemDictionary.cpp, line 210]
Event: 0.245 Thread 0x0136e400 Exception <a 'java/lang/ClassNotFoundException': Tree> (0x04a3fc58) thrown at [C:\re\workspace\8-2-build-windows-i586-cygwin\jdk8u171\10807\hotspot\src\share\vm\classfile\systemDictionary.cpp, line 210]
Event: 0.245 Thread 0x0136e400 Exception <a 'java/lang/ClassNotFoundException': javax/swing/JTreeCell> (0x04a3ff90) thrown at [C:\re\workspace\8-2-build-windows-i586-cygwin\jdk8u171\10807\hotspot\src\share\vm\classfile\systemDictionary.cpp, line 210]
Event: 0.245 Thread 0x0136e400 Exception <a 'java/lang/ClassNotFoundException': TreeCell> (0x04a403d8) thrown at [C:\re\workspace\8-2-build-windows-i586-cygwin\jdk8u171\10807\hotspot\src\share\vm\classfile\systemDictionary.cpp, line 210]
Event: 0.245 Thread 0x0136e400 Exception <a 'java/lang/ClassNotFoundException': RootPane> (0x04a40d50) thrown at [C:\re\workspace\8-2-build-windows-i586-cygwin\jdk8u171\10807\hotspot\src\share\vm\classfile\systemDictionary.cpp, line 210]
Event: 11.916 Thread 0x19299000 Exception <a 'java/io/FileNotFoundException'> (0x04b56ba8) thrown at [C:\re\workspace\8-2-build-windows-i586-cygwin\jdk8u171\10807\hotspot\src\share\vm\prims\jni.cpp, line 709]
Event: 12.008 Thread 0x19299000 Exception <a 'java/io/FileNotFoundException'> (0x04bed478) thrown at [C:\re\workspace\8-2-build-windows-i586-cygwin\jdk8u171\10807\hotspot\src\share\vm\prims\jni.cpp, line 709]
Event: 12.010 Thread 0x19299000 Exception <a 'java/io/FileNotFoundException'> (0x04bfc150) thrown at [C:\re\workspace\8-2-build-windows-i586-cygwin\jdk8u171\10807\hotspot\src\share\vm\prims\jni.cpp, line 709]
Event: 12.102 Thread 0x19299000 Exception <a 'java/io/FileNotFoundException'> (0x04c10648) thrown at [C:\re\workspace\8-2-build-windows-i586-cygwin\jdk8u171\10807\hotspot\src\share\vm\prims\jni.cpp, line 709]

Events (10 events):
Event: 1040.098 Executing VM operation: GenCollectForAllocation
Event: 1040.099 Executing VM operation: GenCollectForAllocation done
Event: 1040.490 Executing VM operation: GenCollectForAllocation
Event: 1040.492 Executing VM operation: GenCollectForAllocation done
Event: 1040.929 Executing VM operation: GenCollectForAllocation
Event: 1040.930 Executing VM operation: GenCollectForAllocation done
Event: 1041.350 Executing VM operation: GenCollectForAllocation
Event: 1041.351 Executing VM operation: GenCollectForAllocation done
Event: 1041.784 Executing VM operation: GenCollectForAllocation
Event: 1041.785 Executing VM operation: GenCollectForAllocation done


Dynamic libraries:
0x01370000 - 0x013a3000 	C:\Program Files (x86)\Java\jdk1.8.0_171\bin\java.exe
0x779d0000 - 0x77b60000 	C:\WINDOWS\SYSTEM32\ntdll.dll
0x77090000 - 0x77170000 	C:\WINDOWS\System32\KERNEL32.DLL
0x77550000 - 0x77734000 	C:\WINDOWS\System32\KERNELBASE.dll
0x73ae0000 - 0x73b7d000 	C:\WINDOWS\SYSTEM32\apphelp.dll
0x74370000 - 0x743e8000 	C:\WINDOWS\System32\ADVAPI32.dll
0x777a0000 - 0x7785f000 	C:\WINDOWS\System32\msvcrt.dll
0x745a0000 - 0x745e4000 	C:\WINDOWS\System32\sechost.dll
0x77460000 - 0x77520000 	C:\WINDOWS\System32\RPCRT4.dll
0x74290000 - 0x742b0000 	C:\WINDOWS\System32\SspiCli.dll
0x74280000 - 0x7428a000 	C:\WINDOWS\System32\CRYPTBASE.dll
0x77000000 - 0x77058000 	C:\WINDOWS\System32\bcryptPrimitives.dll
0x76e70000 - 0x76ffd000 	C:\WINDOWS\System32\USER32.dll
0x75fe0000 - 0x75ff7000 	C:\WINDOWS\System32\win32u.dll
0x77060000 - 0x77082000 	C:\WINDOWS\System32\GDI32.dll
0x77170000 - 0x772d4000 	C:\WINDOWS\System32\gdi32full.dll
0x77860000 - 0x778dd000 	C:\WINDOWS\System32\msvcp_win.dll
0x76960000 - 0x76a7e000 	C:\WINDOWS\System32\ucrtbase.dll
0x738a0000 - 0x73aa4000 	C:\WINDOWS\WinSxS\x86_microsoft.windows.common-controls_6595b64144ccf1df_6.0.17134.112_none_42ecccf244e44518\COMCTL32.dll
0x76160000 - 0x763bc000 	C:\WINDOWS\System32\combase.dll
0x77520000 - 0x77546000 	C:\WINDOWS\System32\IMM32.DLL
0x72b40000 - 0x72bff000 	C:\Program Files (x86)\Java\jdk1.8.0_171\jre\bin\msvcr100.dll
0x6f110000 - 0x6f4e1000 	C:\Program Files (x86)\Java\jdk1.8.0_171\jre\bin\client\jvm.dll
0x76950000 - 0x76956000 	C:\WINDOWS\System32\PSAPI.DLL
0x70b90000 - 0x70bb4000 	C:\WINDOWS\SYSTEM32\WINMM.dll
0x5b670000 - 0x5b678000 	C:\WINDOWS\SYSTEM32\WSOCK32.dll
0x73ab0000 - 0x73ab8000 	C:\WINDOWS\SYSTEM32\VERSION.dll
0x74300000 - 0x74367000 	C:\WINDOWS\System32\WS2_32.dll
0x702a0000 - 0x702c3000 	C:\WINDOWS\SYSTEM32\WINMMBASE.dll
0x76b60000 - 0x76b99000 	C:\WINDOWS\System32\cfgmgr32.dll
0x73120000 - 0x7312c000 	C:\Program Files (x86)\Java\jdk1.8.0_171\jre\bin\verify.dll
0x72b10000 - 0x72b32000 	C:\Program Files (x86)\Java\jdk1.8.0_171\jre\bin\java.dll
0x73100000 - 0x73114000 	C:\Program Files (x86)\Java\jdk1.8.0_171\jre\bin\zip.dll
0x74c40000 - 0x75f8a000 	C:\WINDOWS\System32\SHELL32.dll
0x76bb0000 - 0x76c38000 	C:\WINDOWS\System32\shcore.dll
0x74640000 - 0x74bfa000 	C:\WINDOWS\System32\windows.storage.dll
0x75f90000 - 0x75fd5000 	C:\WINDOWS\System32\shlwapi.dll
0x744f0000 - 0x744ff000 	C:\WINDOWS\System32\kernel.appcore.dll
0x74c00000 - 0x74c18000 	C:\WINDOWS\System32\profapi.dll
0x745f0000 - 0x74635000 	C:\WINDOWS\System32\powrprof.dll
0x76ba0000 - 0x76ba8000 	C:\WINDOWS\System32\FLTLIB.DLL
0x6efc0000 - 0x6f105000 	C:\Program Files (x86)\Java\jdk1.8.0_171\jre\bin\awt.dll
0x76850000 - 0x768e6000 	C:\WINDOWS\System32\OLEAUT32.dll
0x73b80000 - 0x73bfc000 	C:\WINDOWS\system32\uxtheme.dll
0x76010000 - 0x76154000 	C:\WINDOWS\System32\MSCTF.dll
0x74140000 - 0x74163000 	C:\WINDOWS\system32\dwmapi.dll
0x743f0000 - 0x744ec000 	C:\WINDOWS\System32\ole32.dll
0x73250000 - 0x73289000 	C:\Program Files (x86)\Java\jdk1.8.0_171\jre\bin\fontmanager.dll
0x6eee0000 - 0x6efb9000 	C:\WINDOWS\system32\opengl32.dll
0x73290000 - 0x732cf000 	C:\WINDOWS\SYSTEM32\GLU32.dll
0x74510000 - 0x74593000 	C:\WINDOWS\System32\clbcatq.dll
0x71a00000 - 0x71b71000 	C:\WINDOWS\SYSTEM32\WindowsCodecs.dll
0x5ff50000 - 0x5ff9f000 	C:\WINDOWS\system32\dataexchange.dll
0x6f4f0000 - 0x6f742000 	C:\WINDOWS\system32\d3d11.dll
0x5fe10000 - 0x5ff4c000 	C:\WINDOWS\system32\dcomp.dll
0x71da0000 - 0x71e38000 	C:\WINDOWS\system32\dxgi.dll
0x5fca0000 - 0x5fe04000 	C:\WINDOWS\system32\twinapi.appcore.dll
0x5fc80000 - 0x5fc9a000 	C:\WINDOWS\system32\RMCLIENT.dll
0x732e0000 - 0x732f5000 	C:\Program Files (x86)\Java\jdk1.8.0_171\jre\bin\net.dll
0x70900000 - 0x70956000 	C:\WINDOWS\system32\mswsock.dll
0x732d0000 - 0x732df000 	C:\Program Files (x86)\Java\jdk1.8.0_171\jre\bin\nio.dll
0x72ad0000 - 0x72b02000 	C:\Program Files (x86)\Java\jdk1.8.0_171\jre\bin\t2k.dll
0x71d20000 - 0x71d9e000 	C:\WINDOWS\System32\TextInputFramework.dll
0x70e70000 - 0x70efb000 	C:\WINDOWS\System32\CoreMessaging.dll
0x6bda0000 - 0x6bffd000 	C:\WINDOWS\System32\CoreUIComponents.dll
0x713f0000 - 0x71419000 	C:\WINDOWS\SYSTEM32\ntmarta.dll
0x70d10000 - 0x70de6000 	C:\WINDOWS\SYSTEM32\wintypes.dll
0x6eeb0000 - 0x6eed4000 	C:\Program Files (x86)\Java\jdk1.8.0_171\jre\bin\dcpr.dll
0x16e40000 - 0x16e52000 	C:\Windows\System32\rxtxSerial.dll
0x16e60000 - 0x16e87000 	C:\WINDOWS\SYSTEM32\crtdll.dll
0x73ff0000 - 0x74003000 	C:\WINDOWS\SYSTEM32\CRYPTSP.dll
0x71440000 - 0x7146f000 	C:\WINDOWS\system32\rsaenh.dll
0x736a0000 - 0x736b9000 	C:\WINDOWS\SYSTEM32\bcrypt.dll
0x741a0000 - 0x741c1000 	C:\WINDOWS\SYSTEM32\USERENV.dll
0x74170000 - 0x741a0000 	C:\WINDOWS\SYSTEM32\IPHLPAPI.DLL
0x74500000 - 0x74507000 	C:\WINDOWS\System32\NSI.dll
0x707e0000 - 0x707f3000 	C:\WINDOWS\SYSTEM32\dhcpcsvc6.DLL
0x70df0000 - 0x70e04000 	C:\WINDOWS\SYSTEM32\dhcpcsvc.DLL
0x165c0000 - 0x165fd000 	C:\Users\DTI\AppData\Local\Temp\jna-68025\jna3005017542542803788.dll
0x00400000 - 0x00619000 	C:\WINDOWS\SYSTEM32\CIS_SDK.dll
0x6c880000 - 0x6c98a000 	C:\WINDOWS\SYSTEM32\ftrScanAPI.dll
0x763c0000 - 0x767eb000 	C:\WINDOWS\System32\SETUPAPI.dll
0x722b0000 - 0x7231c000 	C:\WINDOWS\SYSTEM32\winspool.drv
0x72050000 - 0x721d0000 	C:\WINDOWS\SYSTEM32\PROPSYS.dll
0x16d60000 - 0x16d8a000 	C:\WINDOWS\SYSTEM32\ftrWSQ.dll
0x16f30000 - 0x16f55000 	C:\WINDOWS\SYSTEM32\FTRAPI.DLL
0x741d0000 - 0x741df000 	C:\WINDOWS\SYSTEM32\Wtsapi32.dll
0x71c90000 - 0x71cd2000 	C:\WINDOWS\SYSTEM32\WINSTA.dll
0x71740000 - 0x71762000 	C:\WINDOWS\System32\DEVOBJ.dll
0x742b0000 - 0x742f7000 	C:\WINDOWS\System32\WINTRUST.dll
0x76000000 - 0x7600e000 	C:\WINDOWS\System32\MSASN1.dll
0x76cd0000 - 0x76e66000 	C:\WINDOWS\System32\CRYPT32.dll
0x6d270000 - 0x6d279000 	C:\WINDOWS\SYSTEM32\WinUSB.dll
0x6c850000 - 0x6c876000 	C:\Program Files (x86)\Java\jdk1.8.0_171\jre\bin\jpeg.dll
0x73cd0000 - 0x73e52000 	C:\WINDOWS\SYSTEM32\dbghelp.dll

VM Arguments:
jvm_args: -Dfile.encoding=UTF-8 
java_command: visao.TelaLogin
java_class_path (initial): C:\Users\DTI\Documents\NetBeansProjects\procis\mysql-connector-java-5.1.23-bin.jar;C:\Users\DTI\Documents\NetBeansProjects\procis\jcalendar-1.4.jar;C:\Users\DTI\Desktop\Particular Paulo\Programação diversos\Paulo\Demos\lib\jna.jar;C:\Users\DTI\Documents\NetBeansProjects\procis\Bibliotecas_Ireport\iReportLibrary\iReportLibrary\aopalliance-1.0.jar;C:\Users\DTI\Documents\NetBeansProjects\procis\Bibliotecas_Ireport\iReportLibrary\iReportLibrary\bcmail-jdk14-1.38.jar;C:\Users\DTI\Documents\NetBeansProjects\procis\Bibliotecas_Ireport\iReportLibrary\iReportLibrary\bcmail-jdk14-138.jar;C:\Users\DTI\Documents\NetBeansProjects\procis\Bibliotecas_Ireport\iReportLibrary\iReportLibrary\bcprov-jdk14-1.38.jar;C:\Users\DTI\Documents\NetBeansProjects\procis\Bibliotecas_Ireport\iReportLibrary\iReportLibrary\bcprov-jdk14-138.jar;C:\Users\DTI\Documents\NetBeansProjects\procis\Bibliotecas_Ireport\iReportLibrary\iReportLibrary\bctsp-jdk14-1.38.jar;C:\Users\DTI\Documents\NetBeansProjects\procis\Bibliotecas_Ireport\iReportLibrary\iReportLibrary\castor-core-1.3.3.jar;C:\Users\DTI\Documents\NetBeansProjects\procis\Bibliotecas_Ireport\iReportLibrary\iReportLibrary\castor-xml-1.3.3.jar;C:\Users\DTI\Documents\NetBeansProjects\procis\Bibliotecas_Ireport\iReportLibrary\iReportLibrary\commons-beanutils-1.9.0.jar;C:\Users\DTI\Documents\NetBeansProjects\procis\Bibliotecas_Ireport\iReportLibrary\iReportLibrary\commons-cli-1.0.jar;C:\Users\DTI\Documents\NetBeansProjects\procis\Bibliotecas_Ireport\iReportLibrary\iReportLibrary\commons-collections-3.2.1.jar;C:\Users\DTI\Documents\NetBeansProjects\procis\Bibliotecas_Ireport\iReportLibrary\iReportLibrary\commons-digester-2.1.jar;C:\Users\DTI\Documents\NetBeansProjects\procis\Bibliotecas_Ireport\iReportLibrary\iReportLibrary\commons-lang-2.1.jar;C:\Users\DTI\Documents\NetBeansProjects\procis\Bibliotecas_Ireport\iReportLibrary\iReportLibrary\commons-lang-2.6.jar;C:\Users\DTI\Documents\NetBeansProjects\procis\Bibliotecas_Ireport\
Launcher Type: SUN_STANDARD

Environment Variables:
PATH=C:\Program Files (x86)\Common Files\Oracle\Java\javapath;C:\WINDOWS\system32;C:\WINDOWS;C:\WINDOWS\System32\Wbem;C:\WINDOWS\System32\WindowsPowerShell\v1.0\;C:\Program Files (x86)\Common Files\Acronis\VirtualFile\;C:\Program Files (x86)\Common Files\Acronis\VirtualFile64\;C:\Program Files (x86)\Common Files\Acronis\SnapAPI\;C:\WINDOWS\System32\OpenSSH\;C:\Users\DTI\AppData\Local\Microsoft\WindowsApps;
USERNAME=DTI
OS=Windows_NT
PROCESSOR_IDENTIFIER=Intel64 Family 6 Model 61 Stepping 4, GenuineIntel



---------------  S Y S T E M  ---------------

OS: Windows 10.0 , 64 bit Build 17134 (10.0.17134.1)

CPU:total 4 (initial active 4) (2 cores per cpu, 2 threads per core) family 6 model 61 stepping 4, cmov, cx8, fxsr, mmx, sse, sse2, sse3, ssse3, sse4.1, sse4.2, popcnt, avx, avx2, aes, clmul, erms, 3dnowpref, lzcnt, ht, tsc, tscinvbit, bmi1, bmi2, adx

Memory: 4k page, physical 4091580k(860432k free), swap 10590276k(4843420k free)

vm_info: Java HotSpot(TM) Client VM (25.171-b11) for windows-x86 JRE (1.8.0_171-b11), built on Mar 28 2018 14:51:22 by "java_re" with MS VC++ 10.0 (VS2010)

time: Thu Jun 28 10:23:21 2018
elapsed time: 1043 seconds (0d 0h 17m 23s)

